<?xml version="1.0" encoding="UTF-8"?>
<!-- test document for searchResult.xsl -->
<docs> 
    <doc actid="3"> 
        <title>Law Reform Commission</title> 
        <number>3</number> 
        <p> 
            <span class="previous">Law </span> 
            <span class="hi">Reform</span> 
            <span class="following"> Commission An Act of Parliament to provide for the establishment of a commission for the reform of the law May 21, 1982 Nov 11, 1111 3 3 ARRANGEMENT OF SECTIONS 1 Short title. 2 The Law Reform Commission ...</span> 
        </p> 
    </doc> 
    <doc actid="28"> 
        <title>Law Reform</title> 
        <number>26</number> 
        <p> 
            <span class="previous">Law </span> 
            <span class="hi">Reform</span> 
            <span class="following">An Act of Parliament to effect reforms in the law relating to civil actions and prerogative writs Dec 18, 1956 Nov 11, 1111 26 28 ARRANGEMENT OF SECTIONS I PRELIMINARY 1 Short title. II SURVIVAL OF CAUSES ...</span> 
        </p> 
    </doc> 
</docs>
